2025-03-18 17:37:31
POST: Array
(
    [room_id] => 3
    [first_name] => Kent 
    [last_name] => yurii
    [email] => kentchucas541@gmail.com
    [phone] => 09514170944
    [check_in] => 2025-03-29
    [check_out] => 2025-04-03
    [adults] => 1
    [children] => 0
    [room_type] => 3
    [room_number] => 302
    [address] => BUKID
)

SESSION: Array
(
    [user_id] => 5
    [user_name] => Kent E, Chucas
)

----------------------------------------
2025-03-18 17:37:33
POST: Array
(
    [room_id] => 3
    [first_name] => Kent 
    [last_name] => yurii
    [email] => kentchucas541@gmail.com
    [phone] => 09514170944
    [check_in] => 2025-03-29
    [check_out] => 2025-04-03
    [adults] => 1
    [children] => 0
    [room_type] => 3
    [room_number] => 302
    [address] => BUKID
)

SESSION: Array
(
    [user_id] => 5
    [user_name] => Kent E, Chucas
)

----------------------------------------
2025-03-18 17:37:35
POST: Array
(
    [room_id] => 3
    [first_name] => Kent 
    [last_name] => yurii
    [email] => kentchucas541@gmail.com
    [phone] => 09514170944
    [check_in] => 2025-03-29
    [check_out] => 2025-04-03
    [adults] => 1
    [children] => 0
    [room_type] => 3
    [room_number] => 302
    [address] => BUKID
)

SESSION: Array
(
    [user_id] => 5
    [user_name] => Kent E, Chucas
)

----------------------------------------
2025-03-18 17:37:36
POST: Array
(
    [room_id] => 3
    [first_name] => Kent 
    [last_name] => yurii
    [email] => kentchucas541@gmail.com
    [phone] => 09514170944
    [check_in] => 2025-03-29
    [check_out] => 2025-04-03
    [adults] => 1
    [children] => 0
    [room_type] => 3
    [room_number] => 302
    [address] => BUKID
)

SESSION: Array
(
    [user_id] => 5
    [user_name] => Kent E, Chucas
)

----------------------------------------
2025-03-18 17:37:37
POST: Array
(
    [room_id] => 3
    [first_name] => Kent 
    [last_name] => yurii
    [email] => kentchucas541@gmail.com
    [phone] => 09514170944
    [check_in] => 2025-03-29
    [check_out] => 2025-04-03
    [adults] => 1
    [children] => 0
    [room_type] => 3
    [room_number] => 302
    [address] => BUKID
)

SESSION: Array
(
    [user_id] => 5
    [user_name] => Kent E, Chucas
)

----------------------------------------
2025-03-18 17:37:37
POST: Array
(
    [room_id] => 3
    [first_name] => Kent 
    [last_name] => yurii
    [email] => kentchucas541@gmail.com
    [phone] => 09514170944
    [check_in] => 2025-03-29
    [check_out] => 2025-04-03
    [adults] => 1
    [children] => 0
    [room_type] => 3
    [room_number] => 302
    [address] => BUKID
)

SESSION: Array
(
    [user_id] => 5
    [user_name] => Kent E, Chucas
)

----------------------------------------
2025-03-18 17:37:37
POST: Array
(
    [room_id] => 3
    [first_name] => Kent 
    [last_name] => yurii
    [email] => kentchucas541@gmail.com
    [phone] => 09514170944
    [check_in] => 2025-03-29
    [check_out] => 2025-04-03
    [adults] => 1
    [children] => 0
    [room_type] => 3
    [room_number] => 302
    [address] => BUKID
)

SESSION: Array
(
    [user_id] => 5
    [user_name] => Kent E, Chucas
)

----------------------------------------
2025-03-18 17:37:37
POST: Array
(
    [room_id] => 3
    [first_name] => Kent 
    [last_name] => yurii
    [email] => kentchucas541@gmail.com
    [phone] => 09514170944
    [check_in] => 2025-03-29
    [check_out] => 2025-04-03
    [adults] => 1
    [children] => 0
    [room_type] => 3
    [room_number] => 302
    [address] => BUKID
)

SESSION: Array
(
    [user_id] => 5
    [user_name] => Kent E, Chucas
)

----------------------------------------
2025-03-18 17:37:38
POST: Array
(
    [room_id] => 3
    [first_name] => Kent 
    [last_name] => yurii
    [email] => kentchucas541@gmail.com
    [phone] => 09514170944
    [check_in] => 2025-03-29
    [check_out] => 2025-04-03
    [adults] => 1
    [children] => 0
    [room_type] => 3
    [room_number] => 302
    [address] => BUKID
)

SESSION: Array
(
    [user_id] => 5
    [user_name] => Kent E, Chucas
)

----------------------------------------
2025-03-18 17:37:38
POST: Array
(
    [room_id] => 3
    [first_name] => Kent 
    [last_name] => yurii
    [email] => kentchucas541@gmail.com
    [phone] => 09514170944
    [check_in] => 2025-03-29
    [check_out] => 2025-04-03
    [adults] => 1
    [children] => 0
    [room_type] => 3
    [room_number] => 302
    [address] => BUKID
)

SESSION: Array
(
    [user_id] => 5
    [user_name] => Kent E, Chucas
)

----------------------------------------
2025-03-18 17:37:59
POST: Array
(
    [room_id] => 3
    [first_name] => Kent 
    [last_name] => yurii
    [email] => kentchucas541@gmail.com
    [phone] => 09514170944
    [check_in] => 2025-03-29
    [check_out] => 2025-04-03
    [adults] => 1
    [children] => 0
    [room_type] => 3
    [room_number] => 302
    [address] => BUKID
)

SESSION: Array
(
    [user_id] => 5
    [user_name] => Kent E, Chucas
)

----------------------------------------
2025-03-18 17:38:00
POST: Array
(
    [room_id] => 3
    [first_name] => Kent 
    [last_name] => yurii
    [email] => kentchucas541@gmail.com
    [phone] => 09514170944
    [check_in] => 2025-03-29
    [check_out] => 2025-04-03
    [adults] => 1
    [children] => 0
    [room_type] => 3
    [room_number] => 302
    [address] => BUKID
)

SESSION: Array
(
    [user_id] => 5
    [user_name] => Kent E, Chucas
)

----------------------------------------
2025-03-18 17:38:01
POST: Array
(
    [room_id] => 3
    [first_name] => Kent 
    [last_name] => yurii
    [email] => kentchucas541@gmail.com
    [phone] => 09514170944
    [check_in] => 2025-03-29
    [check_out] => 2025-04-03
    [adults] => 1
    [children] => 0
    [room_type] => 3
    [room_number] => 302
    [address] => BUKID
)

SESSION: Array
(
    [user_id] => 5
    [user_name] => Kent E, Chucas
)

----------------------------------------
2025-03-18 17:38:01
POST: Array
(
    [room_id] => 3
    [first_name] => Kent 
    [last_name] => yurii
    [email] => kentchucas541@gmail.com
    [phone] => 09514170944
    [check_in] => 2025-03-29
    [check_out] => 2025-04-03
    [adults] => 1
    [children] => 0
    [room_type] => 3
    [room_number] => 302
    [address] => BUKID
)

SESSION: Array
(
    [user_id] => 5
    [user_name] => Kent E, Chucas
)

----------------------------------------
2025-03-18 17:38:01
POST: Array
(
    [room_id] => 3
    [first_name] => Kent 
    [last_name] => yurii
    [email] => kentchucas541@gmail.com
    [phone] => 09514170944
    [check_in] => 2025-03-29
    [check_out] => 2025-04-03
    [adults] => 1
    [children] => 0
    [room_type] => 3
    [room_number] => 302
    [address] => BUKID
)

SESSION: Array
(
    [user_id] => 5
    [user_name] => Kent E, Chucas
)

----------------------------------------
2025-03-18 17:38:01
POST: Array
(
    [room_id] => 3
    [first_name] => Kent 
    [last_name] => yurii
    [email] => kentchucas541@gmail.com
    [phone] => 09514170944
    [check_in] => 2025-03-29
    [check_out] => 2025-04-03
    [adults] => 1
    [children] => 0
    [room_type] => 3
    [room_number] => 302
    [address] => BUKID
)

SESSION: Array
(
    [user_id] => 5
    [user_name] => Kent E, Chucas
)

----------------------------------------
2025-03-18 17:38:02
POST: Array
(
    [room_id] => 3
    [first_name] => Kent 
    [last_name] => yurii
    [email] => kentchucas541@gmail.com
    [phone] => 09514170944
    [check_in] => 2025-03-29
    [check_out] => 2025-04-03
    [adults] => 1
    [children] => 0
    [room_type] => 3
    [room_number] => 302
    [address] => BUKID
)

SESSION: Array
(
    [user_id] => 5
    [user_name] => Kent E, Chucas
)

----------------------------------------
2025-03-18 17:38:02
POST: Array
(
    [room_id] => 3
    [first_name] => Kent 
    [last_name] => yurii
    [email] => kentchucas541@gmail.com
    [phone] => 09514170944
    [check_in] => 2025-03-29
    [check_out] => 2025-04-03
    [adults] => 1
    [children] => 0
    [room_type] => 3
    [room_number] => 302
    [address] => BUKID
)

SESSION: Array
(
    [user_id] => 5
    [user_name] => Kent E, Chucas
)

----------------------------------------
2025-03-18 17:38:02
POST: Array
(
    [room_id] => 3
    [first_name] => Kent 
    [last_name] => yurii
    [email] => kentchucas541@gmail.com
    [phone] => 09514170944
    [check_in] => 2025-03-29
    [check_out] => 2025-04-03
    [adults] => 1
    [children] => 0
    [room_type] => 3
    [room_number] => 302
    [address] => BUKID
)

SESSION: Array
(
    [user_id] => 5
    [user_name] => Kent E, Chucas
)

----------------------------------------
2025-03-18 17:39:14
POST: Array
(
    [room_id] => 3
    [first_name] => kent
    [last_name] => yurii
    [email] => renzcapilya@gmail.com
    [phone] => 0951510944
    [check_in] => 2025-03-29
    [check_out] => 2025-04-03
    [adults] => 1
    [children] => 0
    [room_type] => 3
    [room_number] => 302
    [address] => nabs
)

SESSION: Array
(
    [user_id] => 5
    [user_name] => Kent E, Chucas
)

----------------------------------------
2025-03-18 17:39:15
POST: Array
(
    [room_id] => 3
    [first_name] => kent
    [last_name] => yurii
    [email] => renzcapilya@gmail.com
    [phone] => 0951510944
    [check_in] => 2025-03-29
    [check_out] => 2025-04-03
    [adults] => 1
    [children] => 0
    [room_type] => 3
    [room_number] => 302
    [address] => nabs
)

SESSION: Array
(
    [user_id] => 5
    [user_name] => Kent E, Chucas
)

----------------------------------------
2025-03-18 17:39:15
POST: Array
(
    [room_id] => 3
    [first_name] => kent
    [last_name] => yurii
    [email] => renzcapilya@gmail.com
    [phone] => 0951510944
    [check_in] => 2025-03-29
    [check_out] => 2025-04-03
    [adults] => 1
    [children] => 0
    [room_type] => 3
    [room_number] => 302
    [address] => nabs
)

SESSION: Array
(
    [user_id] => 5
    [user_name] => Kent E, Chucas
)

----------------------------------------
2025-03-18 17:39:15
POST: Array
(
    [room_id] => 3
    [first_name] => kent
    [last_name] => yurii
    [email] => renzcapilya@gmail.com
    [phone] => 0951510944
    [check_in] => 2025-03-29
    [check_out] => 2025-04-03
    [adults] => 1
    [children] => 0
    [room_type] => 3
    [room_number] => 302
    [address] => nabs
)

SESSION: Array
(
    [user_id] => 5
    [user_name] => Kent E, Chucas
)

----------------------------------------
2025-03-18 17:39:15
POST: Array
(
    [room_id] => 3
    [first_name] => kent
    [last_name] => yurii
    [email] => renzcapilya@gmail.com
    [phone] => 0951510944
    [check_in] => 2025-03-29
    [check_out] => 2025-04-03
    [adults] => 1
    [children] => 0
    [room_type] => 3
    [room_number] => 302
    [address] => nabs
)

SESSION: Array
(
    [user_id] => 5
    [user_name] => Kent E, Chucas
)

----------------------------------------
2025-03-18 17:39:15
POST: Array
(
    [room_id] => 3
    [first_name] => kent
    [last_name] => yurii
    [email] => renzcapilya@gmail.com
    [phone] => 0951510944
    [check_in] => 2025-03-29
    [check_out] => 2025-04-03
    [adults] => 1
    [children] => 0
    [room_type] => 3
    [room_number] => 302
    [address] => nabs
)

SESSION: Array
(
    [user_id] => 5
    [user_name] => Kent E, Chucas
)

----------------------------------------
2025-03-18 17:39:16
POST: Array
(
    [room_id] => 3
    [first_name] => kent
    [last_name] => yurii
    [email] => renzcapilya@gmail.com
    [phone] => 0951510944
    [check_in] => 2025-03-29
    [check_out] => 2025-04-03
    [adults] => 1
    [children] => 0
    [room_type] => 3
    [room_number] => 302
    [address] => nabs
)

SESSION: Array
(
    [user_id] => 5
    [user_name] => Kent E, Chucas
)

----------------------------------------
2025-03-18 17:39:16
POST: Array
(
    [room_id] => 3
    [first_name] => kent
    [last_name] => yurii
    [email] => renzcapilya@gmail.com
    [phone] => 0951510944
    [check_in] => 2025-03-29
    [check_out] => 2025-04-03
    [adults] => 1
    [children] => 0
    [room_type] => 3
    [room_number] => 302
    [address] => nabs
)

SESSION: Array
(
    [user_id] => 5
    [user_name] => Kent E, Chucas
)

----------------------------------------
2025-03-18 17:39:17
POST: Array
(
    [room_id] => 3
    [first_name] => kent
    [last_name] => yurii
    [email] => renzcapilya@gmail.com
    [phone] => 0951510944
    [check_in] => 2025-03-29
    [check_out] => 2025-04-03
    [adults] => 1
    [children] => 0
    [room_type] => 3
    [room_number] => 302
    [address] => nabs
)

SESSION: Array
(
    [user_id] => 5
    [user_name] => Kent E, Chucas
)

----------------------------------------
2025-03-18 17:39:20
POST: Array
(
    [room_id] => 3
    [first_name] => kent
    [last_name] => yurii
    [email] => renzcapilya@gmail.com
    [phone] => 0951510944
    [check_in] => 2025-03-29
    [check_out] => 2025-04-03
    [adults] => 1
    [children] => 0
    [room_type] => 3
    [room_number] => 302
    [address] => nabs
)

SESSION: Array
(
    [user_id] => 5
    [user_name] => Kent E, Chucas
)

----------------------------------------
2025-03-18 17:39:20
POST: Array
(
    [room_id] => 3
    [first_name] => kent
    [last_name] => yurii
    [email] => renzcapilya@gmail.com
    [phone] => 0951510944
    [check_in] => 2025-03-29
    [check_out] => 2025-04-03
    [adults] => 1
    [children] => 0
    [room_type] => 3
    [room_number] => 302
    [address] => nabs
)

SESSION: Array
(
    [user_id] => 5
    [user_name] => Kent E, Chucas
)

----------------------------------------
2025-03-18 17:39:20
POST: Array
(
    [room_id] => 3
    [first_name] => kent
    [last_name] => yurii
    [email] => renzcapilya@gmail.com
    [phone] => 0951510944
    [check_in] => 2025-03-29
    [check_out] => 2025-04-03
    [adults] => 1
    [children] => 0
    [room_type] => 3
    [room_number] => 302
    [address] => nabs
)

SESSION: Array
(
    [user_id] => 5
    [user_name] => Kent E, Chucas
)

----------------------------------------
2025-03-18 17:39:20
POST: Array
(
    [room_id] => 3
    [first_name] => kent
    [last_name] => yurii
    [email] => renzcapilya@gmail.com
    [phone] => 0951510944
    [check_in] => 2025-03-29
    [check_out] => 2025-04-03
    [adults] => 1
    [children] => 0
    [room_type] => 3
    [room_number] => 302
    [address] => nabs
)

SESSION: Array
(
    [user_id] => 5
    [user_name] => Kent E, Chucas
)

----------------------------------------
2025-03-18 17:39:20
POST: Array
(
    [room_id] => 3
    [first_name] => kent
    [last_name] => yurii
    [email] => renzcapilya@gmail.com
    [phone] => 0951510944
    [check_in] => 2025-03-29
    [check_out] => 2025-04-03
    [adults] => 1
    [children] => 0
    [room_type] => 3
    [room_number] => 302
    [address] => nabs
)

SESSION: Array
(
    [user_id] => 5
    [user_name] => Kent E, Chucas
)

----------------------------------------
